<?xml version="1.0" encoding="UTF-8"?>
<!-- Generated by org.testng.reporters.JUnitReportReporter -->
<testsuite skipped="0" hostname="NadavHalachmi-470" name="tests.CheckTest" tests="1" failures="0" timestamp="14 יונ 2018 07:47:57 GMT" time="13.626" errors="0">
  <testcase name="myTest" time="13.626" classname="tests.CheckTest"/>
</testsuite> <!-- tests.CheckTest -->
