<?xml version="1.0" encoding="UTF-8"?>
<!-- Generated by org.testng.reporters.JUnitReportReporter -->
<testsuite hostname="LAPTOP-TO9F8GT3" failures="0" tests="1" name="tests.ebaytests.EbayTest" time="12.837" errors="0" timestamp="2019-02-15T18:16:26 IST" skipped="0">
  <testcase classname="tests.ebaytests.EbayTest" name="RunEbayTest" time="12.837"/>
</testsuite> <!-- tests.ebaytestss.EbayTest -->
